<?xml version="1.0" encoding="UTF-8"?>
<!-- Generated by org.testng.reporters.JUnitXMLReporter -->
<testsuite ignored="0" hostname="DESKTOP-Q5CAG9J" failures="0" tests="6" name="DemoWebShopTest" time="138.149" errors="0" timestamp="11 May 2021 07:12:27 GMT">
  <testcase classname="com.app.qa.testcases.LoginPageTest" name="validationOfLoginPageTest" time="0.124"/>
  <testcase classname="com.app.qa.testcases.HomePageTest" name="LogoDemositeImageTest" time="0.645"/>
  <testcase classname="com.app.qa.testcases.HomePageTest" name="ValidateTabs" time="0.683"/>
  <testcase classname="com.app.qa.testcases.HomePageTest" name="validationOfHomePageTest" time="0.033"/>
  <testcase classname="com.app.qa.testcases.LoginPageTest" name="LogoDemositeImageTest" time="0.167"/>
  <testcase classname="com.app.qa.testcases.LoginPageTest" name="loginTest" time="6.803"/>
</testsuite> <!-- DemoWebShopTest -->
