<?xml version="1.0" encoding="UTF-8"?>
<!-- Generated by org.testng.reporters.JUnitXMLReporter -->
<testsuite ignored="0" hostname="DESKTOP-Q5CAG9J" failures="0" tests="3" name="Default test" time="52.922" errors="0" timestamp="01 May 2021 04:51:41 GMT">
  <testcase classname="com.app.qa.testcases.LoginPageTest" name="validationOfLoginPageTest" time="0.084"/>
  <testcase classname="com.app.qa.testcases.LoginPageTest" name="LogoDemositeImageTest" time="0.317"/>
  <testcase classname="com.app.qa.testcases.LoginPageTest" name="loginTest" time="2.382"/>
</testsuite> <!-- Default test -->
